0 info it worked if it ends with ok
1 verbose cli [ 'C:\\Program Files\\nodejs\\\\node.exe',
1 verbose cli   'C:\\Program Files\\nodejs\\node_modules\\npm\\bin\\npm-cli.js',
1 verbose cli   'install',
1 verbose cli   'karma',
1 verbose cli   'karma-coverage' ]
2 info using npm@1.4.28
3 info using node@v0.10.36
4 verbose node symlink C:\Program Files\nodejs\\node.exe
5 warn package.json myremote@1.0.0 No repository field.
6 warn package.json myremote@1.0.0 No README data
7 verbose readDependencies using package.json deps
8 verbose cache add [ 'karma', null ]
9 verbose cache add name=undefined spec="karma" args=["karma",null]
10 verbose parsed url { protocol: null,
10 verbose parsed url   slashes: null,
10 verbose parsed url   auth: null,
10 verbose parsed url   host: null,
10 verbose parsed url   port: null,
10 verbose parsed url   hostname: null,
10 verbose parsed url   hash: null,
10 verbose parsed url   search: null,
10 verbose parsed url   query: null,
10 verbose parsed url   pathname: 'karma',
10 verbose parsed url   path: 'karma',
10 verbose parsed url   href: 'karma' }
11 verbose cache add [ 'karma-coverage', null ]
12 verbose cache add name=undefined spec="karma-coverage" args=["karma-coverage",null]
13 verbose parsed url { protocol: null,
13 verbose parsed url   slashes: null,
13 verbose parsed url   auth: null,
13 verbose parsed url   host: null,
13 verbose parsed url   port: null,
13 verbose parsed url   hostname: null,
13 verbose parsed url   hash: null,
13 verbose parsed url   search: null,
13 verbose parsed url   query: null,
13 verbose parsed url   pathname: 'karma-coverage',
13 verbose parsed url   path: 'karma-coverage',
13 verbose parsed url   href: 'karma-coverage' }
14 silly lockFile 512423cb-karma karma
15 verbose lock karma C:\Users\Hien\AppData\Roaming\npm-cache\512423cb-karma.lock
16 silly lockFile 9038671b-karma-coverage karma-coverage
17 verbose lock karma-coverage C:\Users\Hien\AppData\Roaming\npm-cache\9038671b-karma-coverage.lock
18 silly lockFile 9038671b-karma-coverage karma-coverage
19 silly lockFile 9038671b-karma-coverage karma-coverage
20 silly lockFile 512423cb-karma karma
21 silly lockFile 512423cb-karma karma
22 verbose addNamed [ 'karma-coverage', '' ]
23 verbose addNamed [ null, '*' ]
24 silly lockFile 8b64ace7-karma-coverage karma-coverage@
25 verbose lock karma-coverage@ C:\Users\Hien\AppData\Roaming\npm-cache\8b64ace7-karma-coverage.lock
26 verbose addNamed [ 'karma', '' ]
27 verbose addNamed [ null, '*' ]
28 silly lockFile cd7961bb-karma karma@
29 verbose lock karma@ C:\Users\Hien\AppData\Roaming\npm-cache\cd7961bb-karma.lock
30 silly addNameRange { name: 'karma-coverage', range: '*', hasData: false }
31 silly addNameRange { name: 'karma', range: '*', hasData: false }
32 verbose request where is /karma-coverage
33 verbose request registry https://registry.npmjs.org/
34 verbose request id 90c6c3085a8aa5f8
35 verbose url raw /karma-coverage
36 verbose url resolving [ 'https://registry.npmjs.org/', './karma-coverage' ]
37 verbose url resolved https://registry.npmjs.org/karma-coverage
38 verbose request where is https://registry.npmjs.org/karma-coverage
39 info trying registry request attempt 1 at 15:41:15
40 http GET https://registry.npmjs.org/karma-coverage
41 verbose request where is /karma
42 verbose request registry https://registry.npmjs.org/
43 verbose url raw /karma
44 verbose url resolving [ 'https://registry.npmjs.org/', './karma' ]
45 verbose url resolved https://registry.npmjs.org/karma
46 verbose request where is https://registry.npmjs.org/karma
47 info trying registry request attempt 1 at 15:41:15
48 verbose etag "3JEEZQ5SCYFOC6GL48HWF6HAW"
49 http GET https://registry.npmjs.org/karma
50 info retry will retry, error on last attempt: Error: getaddrinfo ENOTFOUND
51 info retry will retry, error on last attempt: Error: getaddrinfo ENOTFOUND
52 info trying registry request attempt 2 at 15:41:37
53 http GET https://registry.npmjs.org/karma-coverage
54 info trying registry request attempt 2 at 15:41:37
55 verbose etag "3JEEZQ5SCYFOC6GL48HWF6HAW"
56 http GET https://registry.npmjs.org/karma
57 http 200 https://registry.npmjs.org/karma-coverage
58 silly registry.get cb [ 200,
58 silly registry.get   { server: 'CouchDB/1.5.0 (Erlang OTP/R16B03)',
58 silly registry.get     etag: '"3EULM7H2OGYLHLL65KZCI7TA2"',
58 silly registry.get     'content-type': 'application/json',
58 silly registry.get     'cache-control': 'max-age=60',
58 silly registry.get     'content-length': '40511',
58 silly registry.get     'accept-ranges': 'bytes',
58 silly registry.get     date: 'Wed, 06 May 2015 08:41:52 GMT',
58 silly registry.get     via: '1.1 varnish',
58 silly registry.get     age: '0',
58 silly registry.get     connection: 'keep-alive',
58 silly registry.get     'x-served-by': 'cache-lax1424-LAX',
58 silly registry.get     'x-cache': 'HIT',
58 silly registry.get     'x-cache-hits': '1',
58 silly registry.get     'x-timer': 'S1430901712.737931,VS0,VE182',
58 silly registry.get     vary: 'Accept' } ]
59 silly addNameRange number 2 { name: 'karma-coverage', range: '*', hasData: true }
60 silly addNameRange versions [ 'karma-coverage',
60 silly addNameRange   [ '0.0.1',
60 silly addNameRange     '0.0.2',
60 silly addNameRange     '0.0.3',
60 silly addNameRange     '0.0.4',
60 silly addNameRange     '0.0.5',
60 silly addNameRange     '0.1.0',
60 silly addNameRange     '0.1.1',
60 silly addNameRange     '0.1.2',
60 silly addNameRange     '0.1.3',
60 silly addNameRange     '0.1.4',
60 silly addNameRange     '0.1.5',
60 silly addNameRange     '0.2.0',
60 silly addNameRange     '0.2.1',
60 silly addNameRange     '0.2.2',
60 silly addNameRange     '0.2.3',
60 silly addNameRange     '0.2.4',
60 silly addNameRange     '0.2.5',
60 silly addNameRange     '0.2.6',
60 silly addNameRange     '0.2.7',
60 silly addNameRange     '0.3.0',
60 silly addNameRange     '0.3.1' ] ]
61 verbose addNamed [ 'karma-coverage', '0.3.1' ]
62 verbose addNamed [ '0.3.1', '0.3.1' ]
63 silly lockFile b89c8909-karma-coverage-0-3-1 karma-coverage@0.3.1
64 verbose lock karma-coverage@0.3.1 C:\Users\Hien\AppData\Roaming\npm-cache\b89c8909-karma-coverage-0-3-1.lock
65 silly lockFile 246587ac-overage-karma-coverage-0-3-1-tgz https://registry.npmjs.org/karma-coverage/-/karma-coverage-0.3.1.tgz
66 verbose lock https://registry.npmjs.org/karma-coverage/-/karma-coverage-0.3.1.tgz C:\Users\Hien\AppData\Roaming\npm-cache\246587ac-overage-karma-coverage-0-3-1-tgz.lock
67 verbose addRemoteTarball [ 'https://registry.npmjs.org/karma-coverage/-/karma-coverage-0.3.1.tgz',
67 verbose addRemoteTarball   '05c8861aec457b4857b827a10f5fec32cc11a4ae' ]
68 info retry fetch attempt 1 at 15:41:51
69 verbose fetch to= C:\Users\Hien\AppData\Local\Temp\npm-7260-HbXsIlvN\registry.npmjs.org\karma-coverage\-\karma-coverage-0.3.1.tgz
70 http GET https://registry.npmjs.org/karma-coverage/-/karma-coverage-0.3.1.tgz
71 error fetch failed https://registry.npmjs.org/karma-coverage/-/karma-coverage-0.3.1.tgz
72 info retry will retry, error on last attempt: Error: socket hang up
73 info retry fetch attempt 2 at 15:43:38
74 verbose fetch to= C:\Users\Hien\AppData\Local\Temp\npm-7260-HbXsIlvN\registry.npmjs.org\karma-coverage\-\karma-coverage-0.3.1.tgz
75 http GET https://registry.npmjs.org/karma-coverage/-/karma-coverage-0.3.1.tgz
76 error fetch failed https://registry.npmjs.org/karma-coverage/-/karma-coverage-0.3.1.tgz
77 info retry will retry, error on last attempt: Error: socket hang up
78 info retry will retry, error on last attempt: Error: read ECONNRESET
79 info retry fetch attempt 3 at 15:46:08
80 verbose fetch to= C:\Users\Hien\AppData\Local\Temp\npm-7260-HbXsIlvN\registry.npmjs.org\karma-coverage\-\karma-coverage-0.3.1.tgz
81 http GET https://registry.npmjs.org/karma-coverage/-/karma-coverage-0.3.1.tgz
82 error fetch failed https://registry.npmjs.org/karma-coverage/-/karma-coverage-0.3.1.tgz
83 silly lockFile 246587ac-overage-karma-coverage-0-3-1-tgz https://registry.npmjs.org/karma-coverage/-/karma-coverage-0.3.1.tgz
84 silly lockFile 246587ac-overage-karma-coverage-0-3-1-tgz https://registry.npmjs.org/karma-coverage/-/karma-coverage-0.3.1.tgz
85 silly lockFile b89c8909-karma-coverage-0-3-1 karma-coverage@0.3.1
86 silly lockFile b89c8909-karma-coverage-0-3-1 karma-coverage@0.3.1
87 silly lockFile 8b64ace7-karma-coverage karma-coverage@
88 silly lockFile 8b64ace7-karma-coverage karma-coverage@
89 info trying registry request attempt 3 at 15:47:05
90 verbose etag "3JEEZQ5SCYFOC6GL48HWF6HAW"
91 http GET https://registry.npmjs.org/karma
92 silly registry.get cb [ 304, undefined ]
93 verbose etag https://registry.npmjs.org/karma from cache
94 silly addNameRange number 2 { name: 'karma', range: '*', hasData: true }
95 silly addNameRange versions [ 'karma',
95 silly addNameRange   [ '0.8.0',
95 silly addNameRange     '0.9.0-dart',
95 silly addNameRange     '0.8.1',
95 silly addNameRange     '0.8.2',
95 silly addNameRange     '0.8.3',
95 silly addNameRange     '0.9.0',
95 silly addNameRange     '0.8.4',
95 silly addNameRange     '0.9.1',
95 silly addNameRange     '0.8.5',
95 silly addNameRange     '0.9.2',
95 silly addNameRange     '0.9.2-dart',
95 silly addNameRange     '0.9.3',
95 silly addNameRange     '0.8.6',
95 silly addNameRange     '0.9.4',
95 silly addNameRange     '0.8.7',
95 silly addNameRange     '0.9.5',
95 silly addNameRange     '0.9.6',
95 silly addNameRange     '0.8.8',
95 silly addNameRange     '0.9.7',
95 silly addNameRange     '0.9.8',
95 silly addNameRange     '0.10.0',
95 silly addNameRange     '0.10.1',
95 silly addNameRange     '0.10.2',
95 silly addNameRange     '0.11.0',
95 silly addNameRange     '0.11.1',
95 silly addNameRange     '0.10.3',
95 silly addNameRange     '0.10.4',
95 silly addNameRange     '0.11.2',
95 silly addNameRange     '0.11.3',
95 silly addNameRange     '0.10.5',
95 silly addNameRange     '0.11.4',
95 silly addNameRange     '0.11.5',
95 silly addNameRange     '0.10.6',
95 silly addNameRange     '0.11.6',
95 silly addNameRange     '0.10.7',
95 silly addNameRange     '0.11.7',
95 silly addNameRange     '0.11.8',
95 silly addNameRange     '0.11.9',
95 silly addNameRange     '0.10.8',
95 silly addNameRange     '0.11.10',
95 silly addNameRange     '0.11.11',
95 silly addNameRange     '0.11.12',
95 silly addNameRange     '0.11.11-dev',
95 silly addNameRange     '0.10.9',
95 silly addNameRange     '0.11.12-dev',
95 silly addNameRange     '0.11.12-dev2',
95 silly addNameRange     '0.11.13',
95 silly addNameRange     '0.11.14',
95 silly addNameRange     '0.12.0',
95 silly addNameRange     '0.10.10',
95 silly addNameRange     '0.12.1',
95 silly addNameRange     '0.12.2',
95 silly addNameRange     '0.12.3',
95 silly addNameRange     '0.12.4',
95 silly addNameRange     '0.12.5',
95 silly addNameRange     '0.12.6',
95 silly addNameRange     '0.12.6-beta-43e6e28',
95 silly addNameRange     '0.12.7',
95 silly addNameRange     '0.12.8',
95 silly addNameRange     '0.12.9',
95 silly addNameRange     '0.12.10',
95 silly addNameRange     '0.12.11',
95 silly addNameRange     '0.12.12',
95 silly addNameRange     '0.12.11-beta-3029418',
95 silly addNameRange     '0.12.13',
95 silly addNameRange     '0.12.14',
95 silly addNameRange     '0.12.15',
95 silly addNameRange     '0.12.16',
95 silly addNameRange     '0.12.16-beta-905422d',
95 silly addNameRange     '0.12.17',
95 silly addNameRange     '0.12.18',
95 silly addNameRange     '0.12.19',
95 silly addNameRange     '0.12.20',
95 silly addNameRange     '0.12.21',
95 silly addNameRange     '0.12.22',
95 silly addNameRange     '0.12.23',
95 silly addNameRange     '0.12.24',
95 silly addNameRange     '0.12.24-beta-6cf7955',
95 silly addNameRange     '0.12.25',
95 silly addNameRange     '0.12.25-beta-37a7958',
95 silly addNameRange     '0.12.25-beta-ad5bc24',
95 silly addNameRange     '0.12.26',
95 silly addNameRange     '0.12.27',
95 silly addNameRange     '0.12.28',
95 silly addNameRange     '0.12.28-beta-b9be580',
95 silly addNameRange     '0.12.29',
95 silly addNameRange     '0.12.30',
95 silly addNameRange     '0.12.31',
95 silly addNameRange     '0.12.28-beta-f65c864',
95 silly addNameRange     '0.12.24-dev-test',
95 silly addNameRange     '0.12.24-dev-socketio10',
95 silly addNameRange     '0.12.24-dev-socketio10-2',
95 silly addNameRange     '0.12.32-beta.0',
95 silly addNameRange     '0.12.32' ] ]
96 verbose addNamed [ 'karma', '0.12.31' ]
97 verbose addNamed [ '0.12.31', '0.12.31' ]
98 silly lockFile feea9de1-karma-0-12-31 karma@0.12.31
99 verbose lock karma@0.12.31 C:\Users\Hien\AppData\Roaming\npm-cache\feea9de1-karma-0-12-31.lock
100 silly lockFile feea9de1-karma-0-12-31 karma@0.12.31
101 silly lockFile feea9de1-karma-0-12-31 karma@0.12.31
102 silly lockFile cd7961bb-karma karma@
103 silly lockFile cd7961bb-karma karma@
104 error network getaddrinfo ENOTFOUND
104 error network This is most likely not a problem with npm itself
104 error network and is related to network connectivity.
104 error network In most cases you are behind a proxy or have bad network settings.
104 error network
104 error network If you are behind a proxy, please make sure that the
104 error network 'proxy' config is set properly.  See: 'npm help config'
105 error System Windows_NT 6.2.9200
106 error command "C:\\Program Files\\nodejs\\\\node.exe" "C:\\Program Files\\nodejs\\node_modules\\npm\\bin\\npm-cli.js" "install" "karma" "karma-coverage"
107 error cwd D:\One-Team-Project\MyRemote
108 error node -v v0.10.36
109 error npm -v 1.4.28
110 error syscall getaddrinfo
111 error code ENOTFOUND
112 error errno ENOTFOUND
113 verbose exit [ 1, true ]
